app/build/intermediates/manifest_merge_blame_file/release/manifest-merger-blame-release-report.txt
1<?xml version="1.0" encoding="utf-8"?>
2<manifest xmlns:android="http://schemas.android.com/apk/res/android"
3    package="com.demo.androidutilsdemo"
4    android:versionCode="1"
5    android:versionName="1.0" >
6
7    <uses-sdk
8        android:minSdkVersion="21"
8-->src\main\AndroidManifest.xml
9        android:targetSdkVersion="32" />
9-->src\main\AndroidManifest.xml
10
11    <uses-permission
11-->[:android-utilities] AndroidManifest.xml:9:5-11:38
12        android:name="android.permission.ACCESS_COARSE_LOCATION"
12-->[:android-utilities] AndroidManifest.xml:10:9-65
13        android:maxSdkVersion="22" />
13-->[:android-utilities] AndroidManifest.xml:11:9-35
14    <uses-permission android:name="android.permission.ACCESS_NETWORK_STATE" />
14-->[:android-utilities] AndroidManifest.xml:12:5-79
14-->[:android-utilities] AndroidManifest.xml:12:22-76
15    <uses-permission android:name="android.permission.INTERNET" />
15-->[com.google.android.gms:play-services-maps:18.0.2] AndroidManifest.xml:24:5-67
15-->[com.google.android.gms:play-services-maps:18.0.2] AndroidManifest.xml:24:22-64
16
17    <uses-feature
17-->[com.google.android.gms:play-services-maps:18.0.2] AndroidManifest.xml:26:5-28:35
18        android:glEsVersion="0x00020000"
18-->[com.google.android.gms:play-services-maps:18.0.2] AndroidManifest.xml:27:9-41
19        android:required="true" />
19-->[com.google.android.gms:play-services-maps:18.0.2] AndroidManifest.xml:28:9-32
20
21    <queries>
21-->[com.google.android.gms:play-services-maps:18.0.2] AndroidManifest.xml:30:5-34:15
22
23        <!-- Needs to be explicitly declared on Android R+ -->
24        <package android:name="com.google.android.apps.maps" />
24-->[com.google.android.gms:play-services-maps:18.0.2] AndroidManifest.xml:33:9-64
24-->[com.google.android.gms:play-services-maps:18.0.2] AndroidManifest.xml:33:18-61
25    </queries>
26
27    <application
27-->src\main\AndroidManifest.xml:5:5-21:19
28        android:allowBackup="true"
28-->src\main\AndroidManifest.xml:6:9-35
29        android:appComponentFactory="androidx.core.app.CoreComponentFactory"
29-->[androidx.core:core:1.8.0] AndroidManifest.xml:24:18-86
30        android:icon="@mipmap/ic_launcher"
30-->src\main\AndroidManifest.xml:7:9-43
31        android:label="@string/app_name"
31-->src\main\AndroidManifest.xml:8:9-41
32        android:roundIcon="@mipmap/ic_launcher_round"
32-->src\main\AndroidManifest.xml:9:9-54
33        android:supportsRtl="true"
33-->src\main\AndroidManifest.xml:10:9-35
34        android:theme="@style/Theme.AndroidUtilsDemo" >
34-->src\main\AndroidManifest.xml:11:9-54
35        <activity
35-->src\main\AndroidManifest.xml:12:9-20:20
36            android:name="com.demo.androidutilsdemo.MainActivity"
36-->src\main\AndroidManifest.xml:13:13-41
37            android:exported="true" >
37-->src\main\AndroidManifest.xml:14:13-36
38            <intent-filter>
38-->src\main\AndroidManifest.xml:15:13-19:29
39                <action android:name="android.intent.action.MAIN" />
39-->src\main\AndroidManifest.xml:16:17-69
39-->src\main\AndroidManifest.xml:16:25-66
40
41                <category android:name="android.intent.category.LAUNCHER" />
41-->src\main\AndroidManifest.xml:18:17-77
41-->src\main\AndroidManifest.xml:18:27-74
42            </intent-filter>
43        </activity>
44        <!-- Needs to be explicitly declared on P+ -->
45        <uses-library
45-->[com.google.android.gms:play-services-maps:18.0.2] AndroidManifest.xml:39:9-41:40
46            android:name="org.apache.http.legacy"
46-->[com.google.android.gms:play-services-maps:18.0.2] AndroidManifest.xml:40:13-50
47            android:required="false" />
47-->[com.google.android.gms:play-services-maps:18.0.2] AndroidManifest.xml:41:13-37
48
49        <activity
49-->[com.google.android.gms:play-services-base:18.0.1] AndroidManifest.xml:20:9-22:45
50            android:name="com.google.android.gms.common.api.GoogleApiActivity"
50-->[com.google.android.gms:play-services-base:18.0.1] AndroidManifest.xml:20:19-85
51            android:exported="false"
51-->[com.google.android.gms:play-services-base:18.0.1] AndroidManifest.xml:22:19-43
52            android:theme="@android:style/Theme.Translucent.NoTitleBar" />
52-->[com.google.android.gms:play-services-base:18.0.1] AndroidManifest.xml:21:19-78
53
54        <meta-data
54-->[com.google.android.gms:play-services-basement:18.0.0] AndroidManifest.xml:21:9-23:69
55            android:name="com.google.android.gms.version"
55-->[com.google.android.gms:play-services-basement:18.0.0] AndroidManifest.xml:22:13-58
56            android:value="@integer/google_play_services_version" />
56-->[com.google.android.gms:play-services-basement:18.0.0] AndroidManifest.xml:23:13-66
57
58        <provider
58-->[androidx.emoji2:emoji2:1.0.0] AndroidManifest.xml:26:9-34:20
59            android:name="androidx.startup.InitializationProvider"
59-->[androidx.emoji2:emoji2:1.0.0] AndroidManifest.xml:27:13-67
60            android:authorities="com.demo.androidutilsdemo.androidx-startup"
60-->[androidx.emoji2:emoji2:1.0.0] AndroidManifest.xml:28:13-68
61            android:exported="false" >
61-->[androidx.emoji2:emoji2:1.0.0] AndroidManifest.xml:29:13-37
62            <meta-data
62-->[androidx.emoji2:emoji2:1.0.0] AndroidManifest.xml:31:13-33:52
63                android:name="androidx.emoji2.text.EmojiCompatInitializer"
63-->[androidx.emoji2:emoji2:1.0.0] AndroidManifest.xml:32:17-75
64                android:value="androidx.startup" />
64-->[androidx.emoji2:emoji2:1.0.0] AndroidManifest.xml:33:17-49
65            <meta-data
65-->[androidx.lifecycle:lifecycle-process:2.4.0] AndroidManifest.xml:31:13-33:52
66                android:name="androidx.lifecycle.ProcessLifecycleInitializer"
66-->[androidx.lifecycle:lifecycle-process:2.4.0] AndroidManifest.xml:32:17-78
67                android:value="androidx.startup" />
67-->[androidx.lifecycle:lifecycle-process:2.4.0] AndroidManifest.xml:33:17-49
68        </provider>
69    </application>
70
71</manifest>